<?xml version="1.0" encoding="UTF-8"?>
<!-- Generated by org.testng.reporters.JUnitXMLReporter -->
<testsuite hostname="Chandra" name="Default test" tests="9" failures="0" timestamp="4 Jan 2015 17:53:49 GMT" time="299.916" errors="0">
  <testcase name="DB3_reguser_checkout" time="31.344" classname="BroadleafcommerceWeb.Automation.DB3_Reguser_Checkout"/>
  <testcase name="DB2_login_logout" time="9.827" classname="BroadleafcommerceWeb.Automation.DB2_Login_Logout"/>
  <testcase name="DB5_browseProduct" time="21.05" classname="BroadleafcommerceWeb.Automation.DB5_BrowseProduct"/>
  <testcase name="DB7_reguser_chkout_byRegister" time="30.226" classname="BroadleafcommerceWeb.Automation.DB7_Reguser_Chkout_ByRegister"/>
  <testcase name="DB4_regUserchkout_sameBillingShipping" time="31.308" classname="BroadleafcommerceWeb.Automation.DB4_RegUserchkout_SameBillingShipping"/>
  <testcase name="DB1_guest_checkout" time="29.386" classname="BroadleafcommerceWeb.Automation.DB1_Guest_Checkout"/>
  <testcase name="DB1_registration" time="8.312" classname="BroadleafcommerceWeb.Automation.DB1_Registration"/>
  <testcase name="DB2_guestchkout_sameBilingShipping" time="28.398" classname="BroadleafcommerceWeb.Automation.DB2_Guestchkout_SameBilingShipping"/>
  <testcase name="DB6_search_product" time="24.086" classname="BroadleafcommerceWeb.Automation.DB6_Search_Product"/>
</testsuite> <!-- Default test -->
